[Tue Mar 06 13:45:08.300673 2018] [mpm_worker:notice] [pid 32:tid 139989475108992] AH00292: Apache/2.4.6 (CentOS) configured -- resuming normal operations
[Tue Mar 06 13:45:08.300786 2018] [core:notice] [pid 32:tid 139989475108992] AH00094: Command line: '/usr/sbin/httpd -D FOREGROUND -f /etc/oio/sds/OPENIO/rawx-0/rawx-0-httpd.conf'
[Tue Mar 06 13:45:37.485635 2018] [mpm_worker:notice] [pid 32:tid 139989475108992] AH00295: caught SIGTERM, shutting down
[Tue Mar 06 13:45:41.735121 2018] [mpm_worker:notice] [pid 335:tid 140552455706752] AH00292: Apache/2.4.6 (CentOS) configured -- resuming normal operations
[Tue Mar 06 13:45:41.735227 2018] [core:notice] [pid 335:tid 140552455706752] AH00094: Command line: '/usr/sbin/httpd -D FOREGROUND -f /etc/oio/sds/OPENIO/rawx-0/rawx-0-httpd.conf'
[Wed Mar 07 13:51:22.822641 2018] [mpm_worker:notice] [pid 34:tid 139955139082368] AH00292: Apache/2.4.6 (CentOS) configured -- resuming normal operations
[Wed Mar 07 13:51:22.822761 2018] [core:notice] [pid 34:tid 139955139082368] AH00094: Command line: '/usr/sbin/httpd -D FOREGROUND -f /etc/oio/sds/OPENIO/rawx-0/rawx-0-httpd.conf'
[Wed Mar 07 13:52:00.328632 2018] [mpm_worker:notice] [pid 34:tid 139955139082368] AH00295: caught SIGTERM, shutting down
[Wed Mar 07 13:52:03.734579 2018] [mpm_worker:notice] [pid 358:tid 140131679451264] AH00292: Apache/2.4.6 (CentOS) configured -- resuming normal operations
[Wed Mar 07 13:52:03.734696 2018] [core:notice] [pid 358:tid 140131679451264] AH00094: Command line: '/usr/sbin/httpd -D FOREGROUND -f /etc/oio/sds/OPENIO/rawx-0/rawx-0-httpd.conf'
[Wed Mar 07 13:54:17.237223 2018] [mpm_worker:notice] [pid 358:tid 140131679451264] AH00295: caught SIGTERM, shutting down
[Wed Mar 07 13:55:47.688942 2018] [mpm_worker:notice] [pid 29:tid 139677551216768] AH00292: Apache/2.4.6 (CentOS) configured -- resuming normal operations
[Wed Mar 07 13:55:47.690004 2018] [core:notice] [pid 29:tid 139677551216768] AH00094: Command line: '/usr/sbin/httpd -D FOREGROUND -f /etc/oio/sds/OPENIO/rawx-0/rawx-0-httpd.conf'
[Wed Mar 07 13:57:09.687891 2018] [mpm_worker:notice] [pid 31:tid 140169631463552] AH00292: Apache/2.4.6 (CentOS) configured -- resuming normal operations
[Wed Mar 07 13:57:09.688001 2018] [core:notice] [pid 31:tid 140169631463552] AH00094: Command line: '/usr/sbin/httpd -D FOREGROUND -f /etc/oio/sds/OPENIO/rawx-0/rawx-0-httpd.conf'
[Wed Mar 07 13:57:34.870736 2018] [mpm_worker:notice] [pid 32:tid 140238123677824] AH00292: Apache/2.4.6 (CentOS) configured -- resuming normal operations
[Wed Mar 07 13:57:34.870861 2018] [core:notice] [pid 32:tid 140238123677824] AH00094: Command line: '/usr/sbin/httpd -D FOREGROUND -f /etc/oio/sds/OPENIO/rawx-0/rawx-0-httpd.conf'
[Wed Mar 07 13:59:57.639492 2018] [mpm_worker:notice] [pid 31:tid 140030321256576] AH00292: Apache/2.4.6 (CentOS) configured -- resuming normal operations
[Wed Mar 07 13:59:57.639610 2018] [core:notice] [pid 31:tid 140030321256576] AH00094: Command line: '/usr/sbin/httpd -D FOREGROUND -f /etc/oio/sds/OPENIO/rawx-0/rawx-0-httpd.conf'
[Wed Mar 07 14:00:27.139083 2018] [mpm_worker:notice] [pid 31:tid 140030321256576] AH00295: caught SIGTERM, shutting down
[Wed Mar 07 14:00:31.517047 2018] [mpm_worker:notice] [pid 339:tid 140204707170432] AH00292: Apache/2.4.6 (CentOS) configured -- resuming normal operations
[Wed Mar 07 14:00:31.533428 2018] [core:notice] [pid 339:tid 140204707170432] AH00094: Command line: '/usr/sbin/httpd -D FOREGROUND -f /etc/oio/sds/OPENIO/rawx-0/rawx-0-httpd.conf'
[Wed Mar 07 14:01:52.272885 2018] [mpm_worker:notice] [pid 339:tid 140204707170432] AH00295: caught SIGTERM, shutting down
[Wed Mar 07 14:02:39.607353 2018] [mpm_worker:notice] [pid 29:tid 139785293469824] AH00292: Apache/2.4.6 (CentOS) configured -- resuming normal operations
[Wed Mar 07 14:02:39.607497 2018] [core:notice] [pid 29:tid 139785293469824] AH00094: Command line: '/usr/sbin/httpd -D FOREGROUND -f /etc/oio/sds/OPENIO/rawx-0/rawx-0-httpd.conf'
[Wed Mar 07 14:09:52.940287 2018] [mpm_worker:notice] [pid 31:tid 140302569629824] AH00292: Apache/2.4.6 (CentOS) configured -- resuming normal operations
[Wed Mar 07 14:09:52.940402 2018] [core:notice] [pid 31:tid 140302569629824] AH00094: Command line: '/usr/sbin/httpd -D FOREGROUND -f /etc/oio/sds/OPENIO/rawx-0/rawx-0-httpd.conf'
[Wed Mar 07 14:10:02.706165 2018] [mpm_worker:notice] [pid 31:tid 140302569629824] AH00295: caught SIGTERM, shutting down
[Wed Mar 07 14:26:55.608599 2018] [mpm_worker:notice] [pid 30:tid 140677510379648] AH00292: Apache/2.4.6 (CentOS) configured -- resuming normal operations
[Wed Mar 07 14:26:55.608727 2018] [core:notice] [pid 30:tid 140677510379648] AH00094: Command line: '/usr/sbin/httpd -D FOREGROUND -f /etc/oio/sds/OPENIO/rawx-0/rawx-0-httpd.conf'
[Wed Mar 07 14:27:24.887461 2018] [mpm_worker:notice] [pid 30:tid 140677510379648] AH00295: caught SIGTERM, shutting down
[Wed Mar 07 14:27:29.262998 2018] [mpm_worker:notice] [pid 333:tid 139989834225792] AH00292: Apache/2.4.6 (CentOS) configured -- resuming normal operations
[Wed Mar 07 14:27:29.263116 2018] [core:notice] [pid 333:tid 139989834225792] AH00094: Command line: '/usr/sbin/httpd -D FOREGROUND -f /etc/oio/sds/OPENIO/rawx-0/rawx-0-httpd.conf'
[Wed Mar 07 14:55:12.632054 2018] [mpm_worker:notice] [pid 333:tid 139989834225792] AH00295: caught SIGTERM, shutting down
[Wed Mar 07 15:02:42.001624 2018] [mpm_worker:notice] [pid 38:tid 139650825967744] AH00292: Apache/2.4.6 (CentOS) configured -- resuming normal operations
[Wed Mar 07 15:02:42.001737 2018] [core:notice] [pid 38:tid 139650825967744] AH00094: Command line: '/usr/sbin/httpd -D FOREGROUND -f /etc/oio/sds/OPENIO/rawx-0/rawx-0-httpd.conf'
[Wed Mar 07 15:13:21.087791 2018] [mpm_worker:notice] [pid 38:tid 139650825967744] AH00295: caught SIGTERM, shutting down
[Wed Mar 07 16:03:03.934634 2018] [mpm_worker:notice] [pid 50:tid 139918524135552] AH00292: Apache/2.4.6 (CentOS) configured -- resuming normal operations
[Wed Mar 07 16:03:03.934777 2018] [core:notice] [pid 50:tid 139918524135552] AH00094: Command line: '/usr/sbin/httpd -D FOREGROUND -f /etc/oio/sds/OPENIO/rawx-0/rawx-0-httpd.conf'
[Wed Mar 07 16:07:28.949342 2018] [mpm_worker:notice] [pid 50:tid 139918524135552] AH00295: caught SIGTERM, shutting down
[Wed Mar 07 16:07:29.069351 2018] [mpm_worker:notice] [pid 404:tid 139690341992576] AH00292: Apache/2.4.6 (CentOS) configured -- resuming normal operations
[Wed Mar 07 16:07:29.069487 2018] [core:notice] [pid 404:tid 139690341992576] AH00094: Command line: '/usr/sbin/httpd -D FOREGROUND -f /etc/oio/sds/OPENIO/rawx-0/rawx-0-httpd.conf'
[Wed Mar 07 16:37:30.860002 2018] [mpm_worker:notice] [pid 404:tid 139690341992576] AH00295: caught SIGTERM, shutting down
[Wed Mar 07 16:37:31.013716 2018] [mpm_worker:notice] [pid 712:tid 140435991885952] AH00292: Apache/2.4.6 (CentOS) configured -- resuming normal operations
[Wed Mar 07 16:37:31.013839 2018] [core:notice] [pid 712:tid 140435991885952] AH00094: Command line: '/usr/sbin/httpd -D FOREGROUND -f /etc/oio/sds/OPENIO/rawx-0/rawx-0-httpd.conf'
[Wed Mar 07 17:02:06.041660 2018] [mpm_worker:notice] [pid 712:tid 140435991885952] AH00295: caught SIGTERM, shutting down
[Wed Mar 07 17:02:06.215397 2018] [mpm_worker:notice] [pid 1034:tid 140079987722368] AH00292: Apache/2.4.6 (CentOS) configured -- resuming normal operations
[Wed Mar 07 17:02:06.215531 2018] [core:notice] [pid 1034:tid 140079987722368] AH00094: Command line: '/usr/sbin/httpd -D FOREGROUND -f /etc/oio/sds/OPENIO/rawx-0/rawx-0-httpd.conf'
[Wed Mar 07 17:23:41.293803 2018] [mpm_worker:notice] [pid 1034:tid 140079987722368] AH00295: caught SIGTERM, shutting down
[Wed Mar 07 17:27:23.326972 2018] [mpm_worker:notice] [pid 32:tid 140472292087936] AH00292: Apache/2.4.6 (CentOS) configured -- resuming normal operations
[Wed Mar 07 17:27:23.327106 2018] [core:notice] [pid 32:tid 140472292087936] AH00094: Command line: '/usr/sbin/httpd -D FOREGROUND -f /etc/oio/sds/OPENIO/rawx-0/rawx-0-httpd.conf'
[Wed Mar 07 17:27:52.713938 2018] [mpm_worker:notice] [pid 32:tid 140472292087936] AH00295: caught SIGTERM, shutting down
[Wed Mar 07 17:27:57.251413 2018] [mpm_worker:notice] [pid 338:tid 140627455322240] AH00292: Apache/2.4.6 (CentOS) configured -- resuming normal operations
[Wed Mar 07 17:27:57.251577 2018] [core:notice] [pid 338:tid 140627455322240] AH00094: Command line: '/usr/sbin/httpd -D FOREGROUND -f /etc/oio/sds/OPENIO/rawx-0/rawx-0-httpd.conf'
[Wed Mar 07 17:43:50.873939 2018] [mpm_worker:notice] [pid 338:tid 140627455322240] AH00295: caught SIGTERM, shutting down
[Wed Mar 07 17:44:23.499444 2018] [mpm_worker:notice] [pid 31:tid 140366564227200] AH00292: Apache/2.4.6 (CentOS) configured -- resuming normal operations
[Wed Mar 07 17:44:23.499561 2018] [core:notice] [pid 31:tid 140366564227200] AH00094: Command line: '/usr/sbin/httpd -D FOREGROUND -f /etc/oio/sds/OPENIO/rawx-0/rawx-0-httpd.conf'
[Wed Mar 07 17:47:28.269238 2018] [mpm_worker:notice] [pid 31:tid 140624978389120] AH00292: Apache/2.4.6 (CentOS) configured -- resuming normal operations
[Wed Mar 07 17:47:28.269380 2018] [core:notice] [pid 31:tid 140624978389120] AH00094: Command line: '/usr/sbin/httpd -D FOREGROUND -f /etc/oio/sds/OPENIO/rawx-0/rawx-0-httpd.conf'
[Wed Mar 07 17:47:56.593934 2018] [mpm_worker:notice] [pid 31:tid 140624978389120] AH00295: caught SIGTERM, shutting down
[Wed Mar 07 17:48:01.812869 2018] [mpm_worker:notice] [pid 336:tid 140424023832704] AH00292: Apache/2.4.6 (CentOS) configured -- resuming normal operations
[Wed Mar 07 17:48:01.813016 2018] [core:notice] [pid 336:tid 140424023832704] AH00094: Command line: '/usr/sbin/httpd -D FOREGROUND -f /etc/oio/sds/OPENIO/rawx-0/rawx-0-httpd.conf'
[Wed Mar 07 17:57:52.573516 2018] [mpm_worker:notice] [pid 32:tid 139960335194240] AH00292: Apache/2.4.6 (CentOS) configured -- resuming normal operations
[Wed Mar 07 17:57:52.573644 2018] [core:notice] [pid 32:tid 139960335194240] AH00094: Command line: '/usr/sbin/httpd -D FOREGROUND -f /etc/oio/sds/OPENIO/rawx-0/rawx-0-httpd.conf'
[Wed Mar 07 17:58:27.552096 2018] [mpm_worker:notice] [pid 32:tid 139960335194240] AH00295: caught SIGTERM, shutting down
[Wed Mar 07 17:58:31.716371 2018] [mpm_worker:notice] [pid 353:tid 140104079444096] AH00292: Apache/2.4.6 (CentOS) configured -- resuming normal operations
[Wed Mar 07 17:58:31.716511 2018] [core:notice] [pid 353:tid 140104079444096] AH00094: Command line: '/usr/sbin/httpd -D FOREGROUND -f /etc/oio/sds/OPENIO/rawx-0/rawx-0-httpd.conf'
